<?xml version="1.0" encoding="UTF-8"?>
<!-- Generated by org.testng.reporters.JUnitReportReporter -->
<testsuite hostname="USER-20181102MB" name="day01.baidu" tests="1" failures="0" timestamp="14 Mar 2019 01:06:01 GMT" time="39.793" errors="0">
  <testcase name="firefox" time="39.793" classname="day01.baidu"/>
</testsuite> <!-- day01.baidu -->
